[0.077s] Invoking command in '/home/ubuntu/Workspaces/ros2_ws/build/ros2_pkg': CMAKE_PREFIX_PATH=${CMAKE_PREFIX_PATH}:/home/ubuntu/turtlebot3_ws/install/turtlebot3_teleop:/home/ubuntu/turtlebot3_ws/install/turtlebot3_example:/opt/ros/foxy /usr/bin/cmake --build /home/ubuntu/Workspaces/ros2_ws/build/ros2_pkg -- -j4 -l4
[0.203s] -- Found ament_cmake: 0.9.11 (/opt/ros/foxy/share/ament_cmake/cmake)
[0.342s] -- Found PythonInterp: /usr/bin/python3 (found suitable version "3.8.10", minimum required is "3") 
[0.342s] -- Using PYTHON_EXECUTABLE: /usr/bin/python3
[1.213s] -- Found rclpy: 1.0.12 (/opt/ros/foxy/share/rclpy/cmake)
[1.214s] -- Found rosidl_default_generators: 1.0.1 (/opt/ros/foxy/share/rosidl_default_generators/cmake)
[1.227s] -- Using all available rosidl_typesupport_c: rosidl_typesupport_fastrtps_c;rosidl_typesupport_introspection_c
[1.241s] -- Found rosidl_adapter: 1.3.0 (/opt/ros/foxy/share/rosidl_adapter/cmake)
[2.393s] -- Using all available rosidl_typesupport_cpp: rosidl_typesupport_fastrtps_cpp;rosidl_typesupport_introspection_cpp
[2.493s] -- Found sensor_msgs: 2.0.5 (/opt/ros/foxy/share/sensor_msgs/cmake)
[3.253s] -- Found PythonInterp: /usr/bin/python3 (found version "3.8.10") 
[4.220s] CMake Error at /opt/ros/foxy/share/rosidl_adapter/cmake/rosidl_adapt_interfaces.cmake:60 (message):
[4.220s]   execute_process(/usr/bin/python3 -m rosidl_adapter --package-name ros2_pkg
[4.221s]   --arguments-file
[4.221s]   /home/ubuntu/Workspaces/ros2_ws/build/ros2_pkg/rosidl_adapter__arguments__ros2_pkg.json
[4.222s]   --output-dir
[4.222s]   /home/ubuntu/Workspaces/ros2_ws/build/ros2_pkg/rosidl_adapter/ros2_pkg
[4.222s]   --output-file
[4.223s]   /home/ubuntu/Workspaces/ros2_ws/build/ros2_pkg/rosidl_adapter/ros2_pkg.idls)
[4.223s]   returned error code 1:
[4.223s] 
[4.224s]   Error processing 'float32 elpased-time' of 'ros2_pkg/Navigate_Result':
[4.224s]   ''elpased-time' is an invalid field name.  It should have the pattern
[4.224s]   '^(?!.*__)(?!.*_$)[a-z][a-z0-9_]*$''
[4.225s] 
[4.225s]   Traceback (most recent call last):
[4.225s] 
[4.226s]     File "/usr/lib/python3.8/runpy.py", line 194, in _run_module_as_main
[4.226s]       return _run_code(code, main_globals, None,
[4.226s]     File "/usr/lib/python3.8/runpy.py", line 87, in _run_code
[4.226s]       exec(code, run_globals)
[4.227s]     File "/opt/ros/foxy/lib/python3.8/site-packages/rosidl_adapter/__main__.py", line 19, in <module>
[4.227s]       sys.exit(main())
[4.228s]     File "/opt/ros/foxy/lib/python3.8/site-packages/rosidl_adapter/main.py", line 53, in main
[4.228s]       abs_idl_file = convert_to_idl(
[4.228s]     File "/opt/ros/foxy/lib/python3.8/site-packages/rosidl_adapter/__init__.py", line 29, in convert_to_idl
[4.229s]       return convert_action_to_idl(
[4.229s]     File "/opt/ros/foxy/lib/python3.8/site-packages/rosidl_adapter/action/__init__.py", line 28, in convert_action_to_idl
[4.229s]       action = parse_action_string(package_name, input_file.stem, content)
[4.230s]     File "/opt/ros/foxy/lib/python3.8/site-packages/rosidl_adapter/parser.py", line 894, in parse_action_string
[4.230s]       result_message = parse_message_string(
[4.231s]     File "/opt/ros/foxy/lib/python3.8/site-packages/rosidl_adapter/parser.py", line 515, in parse_message_string
[4.231s]       fields.append(Field(
[4.232s]     File "/opt/ros/foxy/lib/python3.8/site-packages/rosidl_adapter/parser.py", line 353, in __init__
[4.232s]       raise NameError(
[4.233s] 
[4.233s]   NameError: 'elpased-time' is an invalid field name.  It should have the
[4.234s]   pattern '^(?!.*__)(?!.*_$)[a-z][a-z0-9_]*$'
[4.234s] 
[4.235s] Call Stack (most recent call first):
[4.235s]   /opt/ros/foxy/share/rosidl_cmake/cmake/rosidl_generate_interfaces.cmake:130 (rosidl_adapt_interfaces)
[4.236s]   CMakeLists.txt:26 (rosidl_generate_interfaces)
[4.236s] 
[4.236s] 
[4.239s] -- Configuring incomplete, errors occurred!
[4.239s] See also "/home/ubuntu/Workspaces/ros2_ws/build/ros2_pkg/CMakeFiles/CMakeOutput.log".
[4.259s] make: *** [Makefile:988: cmake_check_build_system] Error 1
[4.265s] Invoked command in '/home/ubuntu/Workspaces/ros2_ws/build/ros2_pkg' returned '2': CMAKE_PREFIX_PATH=${CMAKE_PREFIX_PATH}:/home/ubuntu/turtlebot3_ws/install/turtlebot3_teleop:/home/ubuntu/turtlebot3_ws/install/turtlebot3_example:/opt/ros/foxy /usr/bin/cmake --build /home/ubuntu/Workspaces/ros2_ws/build/ros2_pkg -- -j4 -l4
