[0.000000] (-) TimerEvent: {}
[0.001824] (ros2_pkg) JobQueued: {'identifier': 'ros2_pkg', 'dependencies': OrderedDict()}
[0.003593] (ros2_pkg) JobStarted: {'identifier': 'ros2_pkg'}
[0.074489] (ros2_pkg) JobProgress: {'identifier': 'ros2_pkg', 'progress': 'cmake'}
[0.077783] (ros2_pkg) JobProgress: {'identifier': 'ros2_pkg', 'progress': 'build'}
[0.080659] (ros2_pkg) Command: {'cmd': ['/usr/bin/cmake', '--build', '/home/ubuntu/Workspaces/ros2_ws/build/ros2_pkg', '--', '-j4', '-l4'], 'cwd': '/home/ubuntu/Workspaces/ros2_ws/build/ros2_pkg', 'env': OrderedDict([('LESSOPEN', '| /usr/bin/lesspipe %s'), ('USER', 'ubuntu'), ('SSH_CLIENT', '140.115.54.155 56640 22'), ('XDG_SESSION_TYPE', 'tty'), ('GIT_ASKPASS', '/home/ubuntu/.vscode-server/bin/704ed70d4fd1c6bd6342c436f1ede30d1cff4710/extensions/git/dist/askpass.sh'), ('SHLVL', '2'), ('LD_LIBRARY_PATH', '/home/ubuntu/Workspaces/ros2_ws/install/ros2_pkg/lib:/opt/ros/foxy/opt/yaml_cpp_vendor/lib:/opt/ros/foxy/opt/rviz_ogre_vendor/lib:/opt/ros/foxy/lib/aarch64-linux-gnu:/opt/ros/foxy/lib'), ('BROWSER', '/home/ubuntu/.vscode-server/bin/704ed70d4fd1c6bd6342c436f1ede30d1cff4710/bin/helpers/browser.sh'), ('MOTD_SHOWN', 'pam'), ('HOME', '/home/ubuntu'), ('OLDPWD', '/home/ubuntu/Workspaces'), ('TERM_PROGRAM_VERSION', '1.77.3'), ('VSCODE_IPC_HOOK_CLI', '/run/user/1000/vscode-ipc-e9fb8049-6efe-4393-80ce-3504583b6e2b.sock'), ('ROS_PYTHON_VERSION', '3'), ('VSCODE_GIT_ASKPASS_MAIN', '/home/ubuntu/.vscode-server/bin/704ed70d4fd1c6bd6342c436f1ede30d1cff4710/extensions/git/dist/askpass-main.js'), ('VSCODE_GIT_ASKPASS_NODE', '/home/ubuntu/.vscode-server/bin/704ed70d4fd1c6bd6342c436f1ede30d1cff4710/node'), ('DBUS_SESSION_BUS_ADDRESS', 'unix:path=/run/user/1000/bus'), ('COLORTERM', 'truecolor'), ('COLCON_PREFIX_PATH', '/home/ubuntu/Workspaces/ros2_ws/install:/home/ubuntu/turtlebot3_ws/install'), ('ROS_DISTRO', 'foxy'), ('LOGNAME', 'ubuntu'), ('_', '/usr/bin/colcon'), ('ROS_VERSION', '2'), ('XDG_SESSION_CLASS', 'user'), ('TERM', 'xterm-256color'), ('XDG_SESSION_ID', '1'), ('ROS_LOCALHOST_ONLY', '1'), ('PATH', '/home/ubuntu/.vscode-server/bin/704ed70d4fd1c6bd6342c436f1ede30d1cff4710/bin/remote-cli:/opt/ros/foxy/bin:/usr/local/sbin:/usr/local/bin:/usr/sbin:/usr/bin:/sbin:/bin:/usr/games:/usr/local/games:/snap/bin'), ('XDG_RUNTIME_DIR', '/run/user/1000'), ('DISPLAY', '192.168.50.20:0.0'), ('LANG', 'en_US.UTF-8'), ('LS_COLORS', 'rs=0:di=01;34:ln=01;36:mh=00:pi=40;33:so=01;35:do=01;35:bd=40;33;01:cd=40;33;01:or=40;31;01:mi=00:su=37;41:sg=30;43:ca=30;41:tw=30;42:ow=34;42:st=37;44:ex=01;32:*.tar=01;31:*.tgz=01;31:*.arc=01;31:*.arj=01;31:*.taz=01;31:*.lha=01;31:*.lz4=01;31:*.lzh=01;31:*.lzma=01;31:*.tlz=01;31:*.txz=01;31:*.tzo=01;31:*.t7z=01;31:*.zip=01;31:*.z=01;31:*.dz=01;31:*.gz=01;31:*.lrz=01;31:*.lz=01;31:*.lzo=01;31:*.xz=01;31:*.zst=01;31:*.tzst=01;31:*.bz2=01;31:*.bz=01;31:*.tbz=01;31:*.tbz2=01;31:*.tz=01;31:*.deb=01;31:*.rpm=01;31:*.jar=01;31:*.war=01;31:*.ear=01;31:*.sar=01;31:*.rar=01;31:*.alz=01;31:*.ace=01;31:*.zoo=01;31:*.cpio=01;31:*.7z=01;31:*.rz=01;31:*.cab=01;31:*.wim=01;31:*.swm=01;31:*.dwm=01;31:*.esd=01;31:*.jpg=01;35:*.jpeg=01;35:*.mjpg=01;35:*.mjpeg=01;35:*.gif=01;35:*.bmp=01;35:*.pbm=01;35:*.pgm=01;35:*.ppm=01;35:*.tga=01;35:*.xbm=01;35:*.xpm=01;35:*.tif=01;35:*.tiff=01;35:*.png=01;35:*.svg=01;35:*.svgz=01;35:*.mng=01;35:*.pcx=01;35:*.mov=01;35:*.mpg=01;35:*.mpeg=01;35:*.m2v=01;35:*.mkv=01;35:*.webm=01;35:*.ogm=01;35:*.mp4=01;35:*.m4v=01;35:*.mp4v=01;35:*.vob=01;35:*.qt=01;35:*.nuv=01;35:*.wmv=01;35:*.asf=01;35:*.rm=01;35:*.rmvb=01;35:*.flc=01;35:*.avi=01;35:*.fli=01;35:*.flv=01;35:*.gl=01;35:*.dl=01;35:*.xcf=01;35:*.xwd=01;35:*.yuv=01;35:*.cgm=01;35:*.emf=01;35:*.ogv=01;35:*.ogx=01;35:*.aac=00;36:*.au=00;36:*.flac=00;36:*.m4a=00;36:*.mid=00;36:*.midi=00;36:*.mka=00;36:*.mp3=00;36:*.mpc=00;36:*.ogg=00;36:*.ra=00;36:*.wav=00;36:*.oga=00;36:*.opus=00;36:*.spx=00;36:*.xspf=00;36:'), ('VSCODE_GIT_IPC_HANDLE', '/run/user/1000/vscode-git-d6271cc2c0.sock'), ('TERM_PROGRAM', 'vscode'), ('ROS_DOMAIN_ID', '30'), ('AMENT_PREFIX_PATH', '/home/ubuntu/Workspaces/ros2_ws/install/ros2_pkg:/home/ubuntu/turtlebot3_ws/install/turtlebot3:/home/ubuntu/turtlebot3_ws/install/turtlebot3_teleop:/home/ubuntu/turtlebot3_ws/install/turtlebot3_bringup:/home/ubuntu/turtlebot3_ws/install/turtlebot3_node:/home/ubuntu/turtlebot3_ws/install/turtlebot3_example:/home/ubuntu/turtlebot3_ws/install/turtlebot3_description:/opt/ros/foxy'), ('SHELL', '/bin/bash'), ('LESSCLOSE', '/usr/bin/lesspipe %s %s'), ('VSCODE_GIT_ASKPASS_EXTRA_ARGS', ''), ('PWD', '/home/ubuntu/Workspaces/ros2_ws/build/ros2_pkg'), ('LC_ALL', 'en_US.UTF-8'), ('SSH_CONNECTION', '140.115.54.155 56640 140.115.54.147 22'), ('XDG_DATA_DIRS', '/usr/local/share:/usr/share:/var/lib/snapd/desktop'), ('PYTHONPATH', '/home/ubuntu/Workspaces/ros2_ws/install/ros2_pkg/lib/python3.8/site-packages:/home/ubuntu/turtlebot3_ws/build/turtlebot3_teleop:/home/ubuntu/turtlebot3_ws/install/turtlebot3_teleop/lib/python3.8/site-packages:/home/ubuntu/turtlebot3_ws/build/turtlebot3_example:/home/ubuntu/turtlebot3_ws/install/turtlebot3_example/lib/python3.8/site-packages:/opt/ros/foxy/lib/python3.8/site-packages'), ('COLCON', '1'), ('CMAKE_PREFIX_PATH', '/home/ubuntu/Workspaces/ros2_ws/install/ros2_pkg:/home/ubuntu/turtlebot3_ws/install/turtlebot3:/home/ubuntu/turtlebot3_ws/install/turtlebot3_bringup:/home/ubuntu/turtlebot3_ws/install/turtlebot3_node:/home/ubuntu/turtlebot3_ws/install/turtlebot3_description:/home/ubuntu/turtlebot3_ws/install/turtlebot3_teleop:/home/ubuntu/turtlebot3_ws/install/turtlebot3_example:/opt/ros/foxy')]), 'shell': False}
[0.099178] (-) TimerEvent: {}
[0.200301] (-) TimerEvent: {}
[0.209460] (ros2_pkg) StdoutLine: {'line': b'-- Found ament_cmake: 0.9.11 (/opt/ros/foxy/share/ament_cmake/cmake)\n'}
[0.300449] (-) TimerEvent: {}
[0.346226] (ros2_pkg) StdoutLine: {'line': b'-- Found PythonInterp: /usr/bin/python3 (found suitable version "3.8.10", minimum required is "3") \n'}
[0.346978] (ros2_pkg) StdoutLine: {'line': b'-- Using PYTHON_EXECUTABLE: /usr/bin/python3\n'}
[0.400612] (-) TimerEvent: {}
[0.501442] (-) TimerEvent: {}
[0.602229] (-) TimerEvent: {}
[0.703010] (-) TimerEvent: {}
[0.803803] (-) TimerEvent: {}
[0.904543] (-) TimerEvent: {}
[1.005286] (-) TimerEvent: {}
[1.105994] (-) TimerEvent: {}
[1.206804] (-) TimerEvent: {}
[1.215283] (ros2_pkg) StdoutLine: {'line': b'-- Found rclpy: 1.0.12 (/opt/ros/foxy/share/rclpy/cmake)\n'}
[1.216324] (ros2_pkg) StdoutLine: {'line': b'-- Found rosidl_default_generators: 1.0.1 (/opt/ros/foxy/share/rosidl_default_generators/cmake)\n'}
[1.229407] (ros2_pkg) StdoutLine: {'line': b'-- Using all available rosidl_typesupport_c: rosidl_typesupport_fastrtps_c;rosidl_typesupport_introspection_c\n'}
[1.245541] (ros2_pkg) StdoutLine: {'line': b'-- Found rosidl_adapter: 1.3.0 (/opt/ros/foxy/share/rosidl_adapter/cmake)\n'}
[1.306983] (-) TimerEvent: {}
[1.408363] (-) TimerEvent: {}
[1.509150] (-) TimerEvent: {}
[1.609992] (-) TimerEvent: {}
[1.710830] (-) TimerEvent: {}
[1.811752] (-) TimerEvent: {}
[1.912628] (-) TimerEvent: {}
[2.013516] (-) TimerEvent: {}
[2.114361] (-) TimerEvent: {}
[2.215218] (-) TimerEvent: {}
[2.316063] (-) TimerEvent: {}
[2.385798] (ros2_pkg) StdoutLine: {'line': b'-- Using all available rosidl_typesupport_cpp: rosidl_typesupport_fastrtps_cpp;rosidl_typesupport_introspection_cpp\n'}
[2.416229] (-) TimerEvent: {}
[2.488600] (ros2_pkg) StdoutLine: {'line': b'-- Found sensor_msgs: 2.0.5 (/opt/ros/foxy/share/sensor_msgs/cmake)\n'}
[2.516413] (-) TimerEvent: {}
[2.617209] (-) TimerEvent: {}
[2.718032] (-) TimerEvent: {}
[2.818924] (-) TimerEvent: {}
[2.919737] (-) TimerEvent: {}
[3.020574] (-) TimerEvent: {}
[3.121442] (-) TimerEvent: {}
[3.222224] (-) TimerEvent: {}
[3.256740] (ros2_pkg) StdoutLine: {'line': b'-- Found PythonInterp: /usr/bin/python3 (found version "3.8.10") \n'}
[3.322430] (-) TimerEvent: {}
[3.423284] (-) TimerEvent: {}
[3.524031] (-) TimerEvent: {}
[3.624843] (-) TimerEvent: {}
[3.726085] (-) TimerEvent: {}
[3.826845] (-) TimerEvent: {}
[3.927648] (-) TimerEvent: {}
[4.028463] (-) TimerEvent: {}
[4.129392] (-) TimerEvent: {}
[4.161056] (ros2_pkg) StderrLine: {'line': b'CMake Error at /opt/ros/foxy/share/rosidl_adapter/cmake/rosidl_adapt_interfaces.cmake:60 (message):\n'}
[4.162393] (ros2_pkg) StderrLine: {'line': b'  execute_process(/usr/bin/python3 -m rosidl_adapter --package-name ros2_pkg\n'}
[4.162845] (ros2_pkg) StderrLine: {'line': b'  --arguments-file\n'}
[4.163190] (ros2_pkg) StderrLine: {'line': b'  /home/ubuntu/Workspaces/ros2_ws/build/ros2_pkg/rosidl_adapter__arguments__ros2_pkg.json\n'}
[4.163528] (ros2_pkg) StderrLine: {'line': b'  --output-dir\n'}
[4.163858] (ros2_pkg) StderrLine: {'line': b'  /home/ubuntu/Workspaces/ros2_ws/build/ros2_pkg/rosidl_adapter/ros2_pkg\n'}
[4.164182] (ros2_pkg) StderrLine: {'line': b'  --output-file\n'}
[4.164500] (ros2_pkg) StderrLine: {'line': b'  /home/ubuntu/Workspaces/ros2_ws/build/ros2_pkg/rosidl_adapter/ros2_pkg.idls)\n'}
[4.164826] (ros2_pkg) StderrLine: {'line': b'  returned error code 1:\n'}
[4.165147] (ros2_pkg) StderrLine: {'line': b'\n'}
[4.165584] (ros2_pkg) StderrLine: {'line': b"  Error processing 'float32 elpased-time' of 'ros2_pkg/Navigate_Result':\n"}
[4.165967] (ros2_pkg) StderrLine: {'line': b"  ''elpased-time' is an invalid field name.  It should have the pattern\n"}
[4.166313] (ros2_pkg) StderrLine: {'line': b"  '^(?!.*__)(?!.*_$)[a-z][a-z0-9_]*$''\n"}
[4.166642] (ros2_pkg) StderrLine: {'line': b'\n'}
[4.166973] (ros2_pkg) StderrLine: {'line': b'  Traceback (most recent call last):\n'}
[4.167299] (ros2_pkg) StderrLine: {'line': b'\n'}
[4.167625] (ros2_pkg) StderrLine: {'line': b'    File "/usr/lib/python3.8/runpy.py", line 194, in _run_module_as_main\n'}
[4.167971] (ros2_pkg) StderrLine: {'line': b'      return _run_code(code, main_globals, None,\n'}
[4.168311] (ros2_pkg) StderrLine: {'line': b'    File "/usr/lib/python3.8/runpy.py", line 87, in _run_code\n'}
[4.168643] (ros2_pkg) StderrLine: {'line': b'      exec(code, run_globals)\n'}
[4.168970] (ros2_pkg) StderrLine: {'line': b'    File "/opt/ros/foxy/lib/python3.8/site-packages/rosidl_adapter/__main__.py", line 19, in <module>\n'}
[4.169349] (ros2_pkg) StderrLine: {'line': b'      sys.exit(main())\n'}
[4.169712] (ros2_pkg) StderrLine: {'line': b'    File "/opt/ros/foxy/lib/python3.8/site-packages/rosidl_adapter/main.py", line 53, in main\n'}
[4.170042] (ros2_pkg) StderrLine: {'line': b'      abs_idl_file = convert_to_idl(\n'}
[4.170370] (ros2_pkg) StderrLine: {'line': b'    File "/opt/ros/foxy/lib/python3.8/site-packages/rosidl_adapter/__init__.py", line 29, in convert_to_idl\n'}
[4.170699] (ros2_pkg) StderrLine: {'line': b'      return convert_action_to_idl(\n'}
[4.171024] (ros2_pkg) StderrLine: {'line': b'    File "/opt/ros/foxy/lib/python3.8/site-packages/rosidl_adapter/action/__init__.py", line 28, in convert_action_to_idl\n'}
[4.171369] (ros2_pkg) StderrLine: {'line': b'      action = parse_action_string(package_name, input_file.stem, content)\n'}
[4.171699] (ros2_pkg) StderrLine: {'line': b'    File "/opt/ros/foxy/lib/python3.8/site-packages/rosidl_adapter/parser.py", line 894, in parse_action_string\n'}
[4.172024] (ros2_pkg) StderrLine: {'line': b'      result_message = parse_message_string(\n'}
[4.172346] (ros2_pkg) StderrLine: {'line': b'    File "/opt/ros/foxy/lib/python3.8/site-packages/rosidl_adapter/parser.py", line 515, in parse_message_string\n'}
[4.172674] (ros2_pkg) StderrLine: {'line': b'      fields.append(Field(\n'}
[4.172994] (ros2_pkg) StderrLine: {'line': b'    File "/opt/ros/foxy/lib/python3.8/site-packages/rosidl_adapter/parser.py", line 353, in __init__\n'}
[4.173378] (ros2_pkg) StderrLine: {'line': b'      raise NameError(\n'}
[4.173743] (ros2_pkg) StderrLine: {'line': b'\n'}
[4.174079] (ros2_pkg) StderrLine: {'line': b"  NameError: 'elpased-time' is an invalid field name.  It should have the\n"}
[4.174647] (ros2_pkg) StderrLine: {'line': b"  pattern '^(?!.*__)(?!.*_$)[a-z][a-z0-9_]*$'\n"}
[4.175173] (ros2_pkg) StderrLine: {'line': b'\n'}
[4.175795] (ros2_pkg) StderrLine: {'line': b'Call Stack (most recent call first):\n'}
[4.176369] (ros2_pkg) StderrLine: {'line': b'  /opt/ros/foxy/share/rosidl_cmake/cmake/rosidl_generate_interfaces.cmake:130 (rosidl_adapt_interfaces)\n'}
[4.176881] (ros2_pkg) StderrLine: {'line': b'  CMakeLists.txt:26 (rosidl_generate_interfaces)\n'}
[4.177382] (ros2_pkg) StderrLine: {'line': b'\n'}
[4.177847] (ros2_pkg) StderrLine: {'line': b'\n'}
[4.178395] (ros2_pkg) StdoutLine: {'line': b'-- Configuring incomplete, errors occurred!\n'}
[4.178969] (ros2_pkg) StdoutLine: {'line': b'See also "/home/ubuntu/Workspaces/ros2_ws/build/ros2_pkg/CMakeFiles/CMakeOutput.log".\n'}
[4.198421] (ros2_pkg) StderrLine: {'line': b'make: *** [Makefile:988: cmake_check_build_system] Error 1\n'}
[4.203915] (ros2_pkg) CommandEnded: {'returncode': 2}
[4.229641] (-) TimerEvent: {}
[4.330596] (-) TimerEvent: {}
[4.431398] (-) TimerEvent: {}
[4.532214] (-) TimerEvent: {}
[4.633016] (-) TimerEvent: {}
[4.732005] (ros2_pkg) JobEnded: {'identifier': 'ros2_pkg', 'rc': 2}
[4.734685] (-) TimerEvent: {}
[4.743874] (-) EventReactorShutdown: {}
