[0.000000] (-) TimerEvent: {}
[0.001020] (cv_basics) JobQueued: {'identifier': 'cv_basics', 'dependencies': OrderedDict()}
[0.001470] (ros2_pkg) JobQueued: {'identifier': 'ros2_pkg', 'dependencies': OrderedDict()}
[0.002393] (cv_basics) JobStarted: {'identifier': 'cv_basics'}
[0.079097] (ros2_pkg) JobStarted: {'identifier': 'ros2_pkg'}
[0.101221] (-) TimerEvent: {}
[0.202203] (-) TimerEvent: {}
[0.303216] (-) TimerEvent: {}
[0.403943] (-) TimerEvent: {}
[0.504729] (-) TimerEvent: {}
[0.605410] (-) TimerEvent: {}
[0.706056] (-) TimerEvent: {}
[0.806730] (-) TimerEvent: {}
[0.907428] (-) TimerEvent: {}
[1.008108] (-) TimerEvent: {}
[1.108808] (-) TimerEvent: {}
[1.209601] (-) TimerEvent: {}
[1.310723] (-) TimerEvent: {}
[1.335541] (ros2_pkg) JobProgress: {'identifier': 'ros2_pkg', 'progress': 'cmake'}
[1.338994] (ros2_pkg) JobProgress: {'identifier': 'ros2_pkg', 'progress': 'build'}
[1.341935] (ros2_pkg) Command: {'cmd': ['/usr/bin/cmake', '--build', '/home/ubuntu/Workspaces/ros2_ws/build/ros2_pkg', '--', '-j4', '-l4'], 'cwd': '/home/ubuntu/Workspaces/ros2_ws/build/ros2_pkg', 'env': OrderedDict([('LESSOPEN', '| /usr/bin/lesspipe %s'), ('USER', 'ubuntu'), ('SSH_CLIENT', '140.115.54.155 52844 22'), ('XDG_SESSION_TYPE', 'tty'), ('GIT_ASKPASS', '/home/ubuntu/.vscode-server/bin/704ed70d4fd1c6bd6342c436f1ede30d1cff4710/extensions/git/dist/askpass.sh'), ('SHLVL', '2'), ('LD_LIBRARY_PATH', '/home/ubuntu/Workspaces/ros2_ws/install/ros2_pkg/lib:/opt/ros/foxy/opt/yaml_cpp_vendor/lib:/opt/ros/foxy/opt/rviz_ogre_vendor/lib:/opt/ros/foxy/lib/aarch64-linux-gnu:/opt/ros/foxy/lib'), ('BROWSER', '/home/ubuntu/.vscode-server/bin/704ed70d4fd1c6bd6342c436f1ede30d1cff4710/bin/helpers/browser.sh'), ('MOTD_SHOWN', 'pam'), ('HOME', '/home/ubuntu'), ('OLDPWD', '/home/ubuntu'), ('TERM_PROGRAM_VERSION', '1.77.3'), ('VSCODE_IPC_HOOK_CLI', '/run/user/1000/vscode-ipc-3d46125a-2d59-465a-882a-330cdefc7e3c.sock'), ('ROS_PYTHON_VERSION', '3'), ('VSCODE_GIT_ASKPASS_MAIN', '/home/ubuntu/.vscode-server/bin/704ed70d4fd1c6bd6342c436f1ede30d1cff4710/extensions/git/dist/askpass-main.js'), ('VSCODE_GIT_ASKPASS_NODE', '/home/ubuntu/.vscode-server/bin/704ed70d4fd1c6bd6342c436f1ede30d1cff4710/node'), ('DBUS_SESSION_BUS_ADDRESS', 'unix:path=/run/user/1000/bus'), ('COLORTERM', 'truecolor'), ('COLCON_PREFIX_PATH', '/home/ubuntu/Workspaces/ros2_ws/install:/home/ubuntu/turtlebot3_ws/install'), ('ROS_DISTRO', 'foxy'), ('LOGNAME', 'ubuntu'), ('_', '/usr/bin/colcon'), ('ROS_VERSION', '2'), ('XDG_SESSION_CLASS', 'user'), ('TERM', 'xterm-256color'), ('XDG_SESSION_ID', '44'), ('ROS_LOCALHOST_ONLY', '1'), ('PATH', '/home/ubuntu/.vscode-server/bin/704ed70d4fd1c6bd6342c436f1ede30d1cff4710/bin/remote-cli:/opt/ros/foxy/bin:/usr/local/sbin:/usr/local/bin:/usr/sbin:/usr/bin:/sbin:/bin:/usr/games:/usr/local/games:/snap/bin'), ('XDG_RUNTIME_DIR', '/run/user/1000'), ('DISPLAY', '192.168.50.20:0.0'), ('LANG', 'en_US.UTF-8'), ('LS_COLORS', 'rs=0:di=01;34:ln=01;36:mh=00:pi=40;33:so=01;35:do=01;35:bd=40;33;01:cd=40;33;01:or=40;31;01:mi=00:su=37;41:sg=30;43:ca=30;41:tw=30;42:ow=34;42:st=37;44:ex=01;32:*.tar=01;31:*.tgz=01;31:*.arc=01;31:*.arj=01;31:*.taz=01;31:*.lha=01;31:*.lz4=01;31:*.lzh=01;31:*.lzma=01;31:*.tlz=01;31:*.txz=01;31:*.tzo=01;31:*.t7z=01;31:*.zip=01;31:*.z=01;31:*.dz=01;31:*.gz=01;31:*.lrz=01;31:*.lz=01;31:*.lzo=01;31:*.xz=01;31:*.zst=01;31:*.tzst=01;31:*.bz2=01;31:*.bz=01;31:*.tbz=01;31:*.tbz2=01;31:*.tz=01;31:*.deb=01;31:*.rpm=01;31:*.jar=01;31:*.war=01;31:*.ear=01;31:*.sar=01;31:*.rar=01;31:*.alz=01;31:*.ace=01;31:*.zoo=01;31:*.cpio=01;31:*.7z=01;31:*.rz=01;31:*.cab=01;31:*.wim=01;31:*.swm=01;31:*.dwm=01;31:*.esd=01;31:*.jpg=01;35:*.jpeg=01;35:*.mjpg=01;35:*.mjpeg=01;35:*.gif=01;35:*.bmp=01;35:*.pbm=01;35:*.pgm=01;35:*.ppm=01;35:*.tga=01;35:*.xbm=01;35:*.xpm=01;35:*.tif=01;35:*.tiff=01;35:*.png=01;35:*.svg=01;35:*.svgz=01;35:*.mng=01;35:*.pcx=01;35:*.mov=01;35:*.mpg=01;35:*.mpeg=01;35:*.m2v=01;35:*.mkv=01;35:*.webm=01;35:*.ogm=01;35:*.mp4=01;35:*.m4v=01;35:*.mp4v=01;35:*.vob=01;35:*.qt=01;35:*.nuv=01;35:*.wmv=01;35:*.asf=01;35:*.rm=01;35:*.rmvb=01;35:*.flc=01;35:*.avi=01;35:*.fli=01;35:*.flv=01;35:*.gl=01;35:*.dl=01;35:*.xcf=01;35:*.xwd=01;35:*.yuv=01;35:*.cgm=01;35:*.emf=01;35:*.ogv=01;35:*.ogx=01;35:*.aac=00;36:*.au=00;36:*.flac=00;36:*.m4a=00;36:*.mid=00;36:*.midi=00;36:*.mka=00;36:*.mp3=00;36:*.mpc=00;36:*.ogg=00;36:*.ra=00;36:*.wav=00;36:*.oga=00;36:*.opus=00;36:*.spx=00;36:*.xspf=00;36:'), ('VSCODE_GIT_IPC_HANDLE', '/run/user/1000/vscode-git-e9de193237.sock'), ('TERM_PROGRAM', 'vscode'), ('ROS_DOMAIN_ID', '30'), ('AMENT_PREFIX_PATH', '/home/ubuntu/Workspaces/ros2_ws/install/ros2_pkg:/home/ubuntu/Workspaces/ros2_ws/install/cv_basics:/home/ubuntu/turtlebot3_ws/install/turtlebot3:/home/ubuntu/turtlebot3_ws/install/turtlebot3_teleop:/home/ubuntu/turtlebot3_ws/install/turtlebot3_bringup:/home/ubuntu/turtlebot3_ws/install/turtlebot3_node:/home/ubuntu/turtlebot3_ws/install/turtlebot3_example:/home/ubuntu/turtlebot3_ws/install/turtlebot3_description:/opt/ros/foxy'), ('SHELL', '/bin/bash'), ('LESSCLOSE', '/usr/bin/lesspipe %s %s'), ('VSCODE_GIT_ASKPASS_EXTRA_ARGS', ''), ('PWD', '/home/ubuntu/Workspaces/ros2_ws/build/ros2_pkg'), ('LC_ALL', 'en_US.UTF-8'), ('SSH_CONNECTION', '140.115.54.155 52844 140.115.54.147 22'), ('XDG_DATA_DIRS', '/usr/local/share:/usr/share:/var/lib/snapd/desktop'), ('PYTHONPATH', '/home/ubuntu/Workspaces/ros2_ws/install/ros2_pkg/lib/python3.8/site-packages:/home/ubuntu/Workspaces/ros2_ws/install/cv_basics/lib/python3.8/site-packages:/home/ubuntu/turtlebot3_ws/build/turtlebot3_teleop:/home/ubuntu/turtlebot3_ws/install/turtlebot3_teleop/lib/python3.8/site-packages:/home/ubuntu/turtlebot3_ws/build/turtlebot3_example:/home/ubuntu/turtlebot3_ws/install/turtlebot3_example/lib/python3.8/site-packages:/opt/ros/foxy/lib/python3.8/site-packages'), ('COLCON', '1'), ('CMAKE_PREFIX_PATH', '/home/ubuntu/Workspaces/ros2_ws/install/ros2_pkg:/home/ubuntu/turtlebot3_ws/install/turtlebot3:/home/ubuntu/turtlebot3_ws/install/turtlebot3_bringup:/home/ubuntu/turtlebot3_ws/install/turtlebot3_node:/home/ubuntu/turtlebot3_ws/install/turtlebot3_description:/home/ubuntu/Workspaces/ros2_ws/install/cv_basics:/home/ubuntu/turtlebot3_ws/install/turtlebot3_teleop:/home/ubuntu/turtlebot3_ws/install/turtlebot3_example:/opt/ros/foxy')]), 'shell': False}
[1.411039] (-) TimerEvent: {}
[1.512047] (-) TimerEvent: {}
[1.614084] (-) TimerEvent: {}
[1.618301] (ros2_pkg) StdoutLine: {'line': b'[  2%] Built target ros2_pkg__cpp\n'}
[1.654271] (ros2_pkg) StdoutLine: {'line': b'[ 12%] Built target ros2_pkg__rosidl_generator_c\n'}
[1.714401] (-) TimerEvent: {}
[1.818515] (-) TimerEvent: {}
[1.824873] (ros2_pkg) StdoutLine: {'line': b'[ 23%] Built target ros2_pkg__rosidl_typesupport_cpp\n'}
[1.849440] (ros2_pkg) StdoutLine: {'line': b'[ 34%] Built target ros2_pkg__rosidl_typesupport_introspection_cpp\n'}
[1.856244] (ros2_pkg) StdoutLine: {'line': b'[ 44%] Built target ros2_pkg__rosidl_typesupport_introspection_c\n'}
[1.895550] (ros2_pkg) StdoutLine: {'line': b'[ 55%] Built target ros2_pkg__rosidl_typesupport_fastrtps_cpp\n'}
[1.918696] (-) TimerEvent: {}
[1.993480] (ros2_pkg) StdoutLine: {'line': b'[ 65%] Built target ros2_pkg__rosidl_typesupport_c\n'}
[2.019004] (-) TimerEvent: {}
[2.082999] (ros2_pkg) StdoutLine: {'line': b'[ 76%] Built target ros2_pkg__rosidl_typesupport_fastrtps_c\n'}
[2.119054] (-) TimerEvent: {}
[2.182904] (ros2_pkg) StdoutLine: {'line': b'[ 76%] Built target ros2_pkg\n'}
[2.219230] (-) TimerEvent: {}
[2.286532] (ros2_pkg) StdoutLine: {'line': b'[ 78%] Built target ros2_pkg__py\n'}
[2.319412] (-) TimerEvent: {}
[2.420283] (-) TimerEvent: {}
[2.460631] (ros2_pkg) StdoutLine: {'line': b'[ 87%] Built target ros2_pkg__python\n'}
[2.520633] (-) TimerEvent: {}
[2.624648] (-) TimerEvent: {}
[2.652901] (ros2_pkg) StdoutLine: {'line': b'[ 91%] Built target ros2_pkg__rosidl_typesupport_introspection_c__pyext\n'}
[2.655467] (ros2_pkg) StdoutLine: {'line': b'[ 95%] Built target ros2_pkg__rosidl_typesupport_c__pyext\n'}
[2.658834] (ros2_pkg) StdoutLine: {'line': b'[100%] Built target ros2_pkg__rosidl_typesupport_fastrtps_c__pyext\n'}
[2.710942] (ros2_pkg) CommandEnded: {'returncode': 0}
[2.724846] (-) TimerEvent: {}
[2.826376] (-) TimerEvent: {}
[2.927237] (-) TimerEvent: {}
[3.027933] (-) TimerEvent: {}
[3.128663] (-) TimerEvent: {}
[3.229540] (-) TimerEvent: {}
[3.232905] (ros2_pkg) JobProgress: {'identifier': 'ros2_pkg', 'progress': 'install'}
[3.282355] (ros2_pkg) Command: {'cmd': ['/usr/bin/cmake', '--install', '/home/ubuntu/Workspaces/ros2_ws/build/ros2_pkg'], 'cwd': '/home/ubuntu/Workspaces/ros2_ws/build/ros2_pkg', 'env': OrderedDict([('LESSOPEN', '| /usr/bin/lesspipe %s'), ('USER', 'ubuntu'), ('SSH_CLIENT', '140.115.54.155 52844 22'), ('XDG_SESSION_TYPE', 'tty'), ('GIT_ASKPASS', '/home/ubuntu/.vscode-server/bin/704ed70d4fd1c6bd6342c436f1ede30d1cff4710/extensions/git/dist/askpass.sh'), ('SHLVL', '2'), ('LD_LIBRARY_PATH', '/home/ubuntu/Workspaces/ros2_ws/install/ros2_pkg/lib:/opt/ros/foxy/opt/yaml_cpp_vendor/lib:/opt/ros/foxy/opt/rviz_ogre_vendor/lib:/opt/ros/foxy/lib/aarch64-linux-gnu:/opt/ros/foxy/lib'), ('BROWSER', '/home/ubuntu/.vscode-server/bin/704ed70d4fd1c6bd6342c436f1ede30d1cff4710/bin/helpers/browser.sh'), ('MOTD_SHOWN', 'pam'), ('HOME', '/home/ubuntu'), ('OLDPWD', '/home/ubuntu'), ('TERM_PROGRAM_VERSION', '1.77.3'), ('VSCODE_IPC_HOOK_CLI', '/run/user/1000/vscode-ipc-3d46125a-2d59-465a-882a-330cdefc7e3c.sock'), ('ROS_PYTHON_VERSION', '3'), ('VSCODE_GIT_ASKPASS_MAIN', '/home/ubuntu/.vscode-server/bin/704ed70d4fd1c6bd6342c436f1ede30d1cff4710/extensions/git/dist/askpass-main.js'), ('VSCODE_GIT_ASKPASS_NODE', '/home/ubuntu/.vscode-server/bin/704ed70d4fd1c6bd6342c436f1ede30d1cff4710/node'), ('DBUS_SESSION_BUS_ADDRESS', 'unix:path=/run/user/1000/bus'), ('COLORTERM', 'truecolor'), ('COLCON_PREFIX_PATH', '/home/ubuntu/Workspaces/ros2_ws/install:/home/ubuntu/turtlebot3_ws/install'), ('ROS_DISTRO', 'foxy'), ('LOGNAME', 'ubuntu'), ('_', '/usr/bin/colcon'), ('ROS_VERSION', '2'), ('XDG_SESSION_CLASS', 'user'), ('TERM', 'xterm-256color'), ('XDG_SESSION_ID', '44'), ('ROS_LOCALHOST_ONLY', '1'), ('PATH', '/home/ubuntu/.vscode-server/bin/704ed70d4fd1c6bd6342c436f1ede30d1cff4710/bin/remote-cli:/opt/ros/foxy/bin:/usr/local/sbin:/usr/local/bin:/usr/sbin:/usr/bin:/sbin:/bin:/usr/games:/usr/local/games:/snap/bin'), ('XDG_RUNTIME_DIR', '/run/user/1000'), ('DISPLAY', '192.168.50.20:0.0'), ('LANG', 'en_US.UTF-8'), ('LS_COLORS', 'rs=0:di=01;34:ln=01;36:mh=00:pi=40;33:so=01;35:do=01;35:bd=40;33;01:cd=40;33;01:or=40;31;01:mi=00:su=37;41:sg=30;43:ca=30;41:tw=30;42:ow=34;42:st=37;44:ex=01;32:*.tar=01;31:*.tgz=01;31:*.arc=01;31:*.arj=01;31:*.taz=01;31:*.lha=01;31:*.lz4=01;31:*.lzh=01;31:*.lzma=01;31:*.tlz=01;31:*.txz=01;31:*.tzo=01;31:*.t7z=01;31:*.zip=01;31:*.z=01;31:*.dz=01;31:*.gz=01;31:*.lrz=01;31:*.lz=01;31:*.lzo=01;31:*.xz=01;31:*.zst=01;31:*.tzst=01;31:*.bz2=01;31:*.bz=01;31:*.tbz=01;31:*.tbz2=01;31:*.tz=01;31:*.deb=01;31:*.rpm=01;31:*.jar=01;31:*.war=01;31:*.ear=01;31:*.sar=01;31:*.rar=01;31:*.alz=01;31:*.ace=01;31:*.zoo=01;31:*.cpio=01;31:*.7z=01;31:*.rz=01;31:*.cab=01;31:*.wim=01;31:*.swm=01;31:*.dwm=01;31:*.esd=01;31:*.jpg=01;35:*.jpeg=01;35:*.mjpg=01;35:*.mjpeg=01;35:*.gif=01;35:*.bmp=01;35:*.pbm=01;35:*.pgm=01;35:*.ppm=01;35:*.tga=01;35:*.xbm=01;35:*.xpm=01;35:*.tif=01;35:*.tiff=01;35:*.png=01;35:*.svg=01;35:*.svgz=01;35:*.mng=01;35:*.pcx=01;35:*.mov=01;35:*.mpg=01;35:*.mpeg=01;35:*.m2v=01;35:*.mkv=01;35:*.webm=01;35:*.ogm=01;35:*.mp4=01;35:*.m4v=01;35:*.mp4v=01;35:*.vob=01;35:*.qt=01;35:*.nuv=01;35:*.wmv=01;35:*.asf=01;35:*.rm=01;35:*.rmvb=01;35:*.flc=01;35:*.avi=01;35:*.fli=01;35:*.flv=01;35:*.gl=01;35:*.dl=01;35:*.xcf=01;35:*.xwd=01;35:*.yuv=01;35:*.cgm=01;35:*.emf=01;35:*.ogv=01;35:*.ogx=01;35:*.aac=00;36:*.au=00;36:*.flac=00;36:*.m4a=00;36:*.mid=00;36:*.midi=00;36:*.mka=00;36:*.mp3=00;36:*.mpc=00;36:*.ogg=00;36:*.ra=00;36:*.wav=00;36:*.oga=00;36:*.opus=00;36:*.spx=00;36:*.xspf=00;36:'), ('VSCODE_GIT_IPC_HANDLE', '/run/user/1000/vscode-git-e9de193237.sock'), ('TERM_PROGRAM', 'vscode'), ('ROS_DOMAIN_ID', '30'), ('AMENT_PREFIX_PATH', '/home/ubuntu/Workspaces/ros2_ws/install/ros2_pkg:/home/ubuntu/Workspaces/ros2_ws/install/cv_basics:/home/ubuntu/turtlebot3_ws/install/turtlebot3:/home/ubuntu/turtlebot3_ws/install/turtlebot3_teleop:/home/ubuntu/turtlebot3_ws/install/turtlebot3_bringup:/home/ubuntu/turtlebot3_ws/install/turtlebot3_node:/home/ubuntu/turtlebot3_ws/install/turtlebot3_example:/home/ubuntu/turtlebot3_ws/install/turtlebot3_description:/opt/ros/foxy'), ('SHELL', '/bin/bash'), ('LESSCLOSE', '/usr/bin/lesspipe %s %s'), ('VSCODE_GIT_ASKPASS_EXTRA_ARGS', ''), ('PWD', '/home/ubuntu/Workspaces/ros2_ws/build/ros2_pkg'), ('LC_ALL', 'en_US.UTF-8'), ('SSH_CONNECTION', '140.115.54.155 52844 140.115.54.147 22'), ('XDG_DATA_DIRS', '/usr/local/share:/usr/share:/var/lib/snapd/desktop'), ('PYTHONPATH', '/home/ubuntu/Workspaces/ros2_ws/install/ros2_pkg/lib/python3.8/site-packages:/home/ubuntu/Workspaces/ros2_ws/install/cv_basics/lib/python3.8/site-packages:/home/ubuntu/turtlebot3_ws/build/turtlebot3_teleop:/home/ubuntu/turtlebot3_ws/install/turtlebot3_teleop/lib/python3.8/site-packages:/home/ubuntu/turtlebot3_ws/build/turtlebot3_example:/home/ubuntu/turtlebot3_ws/install/turtlebot3_example/lib/python3.8/site-packages:/opt/ros/foxy/lib/python3.8/site-packages'), ('COLCON', '1'), ('CMAKE_PREFIX_PATH', '/home/ubuntu/Workspaces/ros2_ws/install/ros2_pkg:/home/ubuntu/turtlebot3_ws/install/turtlebot3:/home/ubuntu/turtlebot3_ws/install/turtlebot3_bringup:/home/ubuntu/turtlebot3_ws/install/turtlebot3_node:/home/ubuntu/turtlebot3_ws/install/turtlebot3_description:/home/ubuntu/Workspaces/ros2_ws/install/cv_basics:/home/ubuntu/turtlebot3_ws/install/turtlebot3_teleop:/home/ubuntu/turtlebot3_ws/install/turtlebot3_example:/opt/ros/foxy')]), 'shell': False}
[3.329969] (-) TimerEvent: {}
[3.352397] (ros2_pkg) StdoutLine: {'line': b'-- Install configuration: ""\n'}
[3.354414] (ros2_pkg) StdoutLine: {'line': b'-- Up-to-date: /home/ubuntu/Workspaces/ros2_ws/install/ros2_pkg/share/ament_index/resource_index/rosidl_interfaces/ros2_pkg\n'}
[3.356462] (ros2_pkg) StdoutLine: {'line': b'-- Up-to-date: /home/ubuntu/Workspaces/ros2_ws/install/ros2_pkg/include/ros2_pkg\n'}
[3.360150] (ros2_pkg) StdoutLine: {'line': b'-- Up-to-date: /home/ubuntu/Workspaces/ros2_ws/install/ros2_pkg/include/ros2_pkg/msg\n'}
[3.362764] (ros2_pkg) StdoutLine: {'line': b'-- Up-to-date: /home/ubuntu/Workspaces/ros2_ws/install/ros2_pkg/include/ros2_pkg/msg/rosidl_generator_c__visibility_control.h\n'}
[3.364038] (ros2_pkg) StdoutLine: {'line': b'-- Up-to-date: /home/ubuntu/Workspaces/ros2_ws/install/ros2_pkg/include/ros2_pkg/srv\n'}
[3.364885] (ros2_pkg) StdoutLine: {'line': b'-- Up-to-date: /home/ubuntu/Workspaces/ros2_ws/install/ros2_pkg/include/ros2_pkg/srv/turn_camera.h\n'}
[3.365736] (ros2_pkg) StdoutLine: {'line': b'-- Up-to-date: /home/ubuntu/Workspaces/ros2_ws/install/ros2_pkg/include/ros2_pkg/srv/detail\n'}
[3.366458] (ros2_pkg) StdoutLine: {'line': b'-- Up-to-date: /home/ubuntu/Workspaces/ros2_ws/install/ros2_pkg/include/ros2_pkg/srv/detail/turn_camera__struct.h\n'}
[3.367209] (ros2_pkg) StdoutLine: {'line': b'-- Up-to-date: /home/ubuntu/Workspaces/ros2_ws/install/ros2_pkg/include/ros2_pkg/srv/detail/odd_even_check__struct.h\n'}
[3.368187] (ros2_pkg) StdoutLine: {'line': b'-- Up-to-date: /home/ubuntu/Workspaces/ros2_ws/install/ros2_pkg/include/ros2_pkg/srv/detail/odd_even_check__functions.c\n'}
[3.369186] (ros2_pkg) StdoutLine: {'line': b'-- Up-to-date: /home/ubuntu/Workspaces/ros2_ws/install/ros2_pkg/include/ros2_pkg/srv/detail/turn_camera__functions.h\n'}
[3.370242] (ros2_pkg) StdoutLine: {'line': b'-- Up-to-date: /home/ubuntu/Workspaces/ros2_ws/install/ros2_pkg/include/ros2_pkg/srv/detail/odd_even_check__type_support.h\n'}
[3.371228] (ros2_pkg) StdoutLine: {'line': b'-- Up-to-date: /home/ubuntu/Workspaces/ros2_ws/install/ros2_pkg/include/ros2_pkg/srv/detail/turn_camera__type_support.h\n'}
[3.371900] (ros2_pkg) StdoutLine: {'line': b'-- Up-to-date: /home/ubuntu/Workspaces/ros2_ws/install/ros2_pkg/include/ros2_pkg/srv/detail/odd_even_check__functions.h\n'}
[3.372540] (ros2_pkg) StdoutLine: {'line': b'-- Up-to-date: /home/ubuntu/Workspaces/ros2_ws/install/ros2_pkg/include/ros2_pkg/srv/detail/turn_camera__functions.c\n'}
[3.373350] (ros2_pkg) StdoutLine: {'line': b'-- Up-to-date: /home/ubuntu/Workspaces/ros2_ws/install/ros2_pkg/include/ros2_pkg/srv/odd_even_check.h\n'}
[3.374116] (ros2_pkg) StdoutLine: {'line': b'-- Up-to-date: /home/ubuntu/Workspaces/ros2_ws/install/ros2_pkg/include/ros2_pkg/action\n'}
[3.375322] (ros2_pkg) StdoutLine: {'line': b'-- Up-to-date: /home/ubuntu/Workspaces/ros2_ws/install/ros2_pkg/include/ros2_pkg/action/detail\n'}
[3.376432] (ros2_pkg) StdoutLine: {'line': b'-- Up-to-date: /home/ubuntu/Workspaces/ros2_ws/install/ros2_pkg/include/ros2_pkg/action/detail/navigate__functions.h\n'}
[3.377340] (ros2_pkg) StdoutLine: {'line': b'-- Up-to-date: /home/ubuntu/Workspaces/ros2_ws/install/ros2_pkg/include/ros2_pkg/action/detail/navigate__functions.c\n'}
[3.378389] (ros2_pkg) StdoutLine: {'line': b'-- Up-to-date: /home/ubuntu/Workspaces/ros2_ws/install/ros2_pkg/include/ros2_pkg/action/detail/navigate__struct.h\n'}
[3.379442] (ros2_pkg) StdoutLine: {'line': b'-- Up-to-date: /home/ubuntu/Workspaces/ros2_ws/install/ros2_pkg/include/ros2_pkg/action/detail/navigate__type_support.h\n'}
[3.380202] (ros2_pkg) StdoutLine: {'line': b'-- Up-to-date: /home/ubuntu/Workspaces/ros2_ws/install/ros2_pkg/include/ros2_pkg/action/navigate.h\n'}
[3.380859] (ros2_pkg) StdoutLine: {'line': b'-- Up-to-date: /home/ubuntu/Workspaces/ros2_ws/install/ros2_pkg/share/ros2_pkg/environment/library_path.sh\n'}
[3.381672] (ros2_pkg) StdoutLine: {'line': b'-- Up-to-date: /home/ubuntu/Workspaces/ros2_ws/install/ros2_pkg/share/ros2_pkg/environment/library_path.dsv\n'}
[3.382299] (ros2_pkg) StdoutLine: {'line': b'-- Up-to-date: /home/ubuntu/Workspaces/ros2_ws/install/ros2_pkg/lib/libros2_pkg__rosidl_generator_c.so\n'}
[3.383190] (ros2_pkg) StdoutLine: {'line': b'-- Up-to-date: /home/ubuntu/Workspaces/ros2_ws/install/ros2_pkg/include/ros2_pkg\n'}
[3.384361] (ros2_pkg) StdoutLine: {'line': b'-- Up-to-date: /home/ubuntu/Workspaces/ros2_ws/install/ros2_pkg/include/ros2_pkg/msg\n'}
[3.385264] (ros2_pkg) StdoutLine: {'line': b'-- Up-to-date: /home/ubuntu/Workspaces/ros2_ws/install/ros2_pkg/include/ros2_pkg/msg/rosidl_typesupport_fastrtps_c__visibility_control.h\n'}
[3.386306] (ros2_pkg) StdoutLine: {'line': b'-- Up-to-date: /home/ubuntu/Workspaces/ros2_ws/install/ros2_pkg/include/ros2_pkg/srv\n'}
[3.387263] (ros2_pkg) StdoutLine: {'line': b'-- Up-to-date: /home/ubuntu/Workspaces/ros2_ws/install/ros2_pkg/include/ros2_pkg/srv/detail\n'}
[3.388086] (ros2_pkg) StdoutLine: {'line': b'-- Up-to-date: /home/ubuntu/Workspaces/ros2_ws/install/ros2_pkg/include/ros2_pkg/srv/detail/odd_even_check__rosidl_typesupport_fastrtps_c.h\n'}
[3.388911] (ros2_pkg) StdoutLine: {'line': b'-- Up-to-date: /home/ubuntu/Workspaces/ros2_ws/install/ros2_pkg/include/ros2_pkg/srv/detail/turn_camera__rosidl_typesupport_fastrtps_c.h\n'}
[3.389858] (ros2_pkg) StdoutLine: {'line': b'-- Up-to-date: /home/ubuntu/Workspaces/ros2_ws/install/ros2_pkg/include/ros2_pkg/action\n'}
[3.390724] (ros2_pkg) StdoutLine: {'line': b'-- Up-to-date: /home/ubuntu/Workspaces/ros2_ws/install/ros2_pkg/include/ros2_pkg/action/detail\n'}
[3.391713] (ros2_pkg) StdoutLine: {'line': b'-- Up-to-date: /home/ubuntu/Workspaces/ros2_ws/install/ros2_pkg/include/ros2_pkg/action/detail/navigate__rosidl_typesupport_fastrtps_c.h\n'}
[3.392824] (ros2_pkg) StdoutLine: {'line': b'-- Up-to-date: /home/ubuntu/Workspaces/ros2_ws/install/ros2_pkg/lib/libros2_pkg__rosidl_typesupport_fastrtps_c.so\n'}
[3.393628] (ros2_pkg) StdoutLine: {'line': b'-- Up-to-date: /home/ubuntu/Workspaces/ros2_ws/install/ros2_pkg/include/ros2_pkg\n'}
[3.394763] (ros2_pkg) StdoutLine: {'line': b'-- Up-to-date: /home/ubuntu/Workspaces/ros2_ws/install/ros2_pkg/include/ros2_pkg/msg\n'}
[3.395903] (ros2_pkg) StdoutLine: {'line': b'-- Up-to-date: /home/ubuntu/Workspaces/ros2_ws/install/ros2_pkg/include/ros2_pkg/msg/rosidl_typesupport_fastrtps_cpp__visibility_control.h\n'}
[3.396979] (ros2_pkg) StdoutLine: {'line': b'-- Up-to-date: /home/ubuntu/Workspaces/ros2_ws/install/ros2_pkg/include/ros2_pkg/srv\n'}
[3.398117] (ros2_pkg) StdoutLine: {'line': b'-- Up-to-date: /home/ubuntu/Workspaces/ros2_ws/install/ros2_pkg/include/ros2_pkg/srv/detail\n'}
[3.400404] (ros2_pkg) StdoutLine: {'line': b'-- Up-to-date: /home/ubuntu/Workspaces/ros2_ws/install/ros2_pkg/include/ros2_pkg/srv/detail/odd_even_check__rosidl_typesupport_fastrtps_cpp.hpp\n'}
[3.402557] (ros2_pkg) StdoutLine: {'line': b'-- Up-to-date: /home/ubuntu/Workspaces/ros2_ws/install/ros2_pkg/include/ros2_pkg/srv/detail/dds_fastrtps\n'}
[3.404698] (ros2_pkg) StdoutLine: {'line': b'-- Up-to-date: /home/ubuntu/Workspaces/ros2_ws/install/ros2_pkg/include/ros2_pkg/srv/detail/turn_camera__rosidl_typesupport_fastrtps_cpp.hpp\n'}
[3.406357] (ros2_pkg) StdoutLine: {'line': b'-- Up-to-date: /home/ubuntu/Workspaces/ros2_ws/install/ros2_pkg/include/ros2_pkg/action\n'}
[3.407402] (ros2_pkg) StdoutLine: {'line': b'-- Up-to-date: /home/ubuntu/Workspaces/ros2_ws/install/ros2_pkg/include/ros2_pkg/action/detail\n'}
[3.408805] (ros2_pkg) StdoutLine: {'line': b'-- Up-to-date: /home/ubuntu/Workspaces/ros2_ws/install/ros2_pkg/include/ros2_pkg/action/detail/dds_fastrtps\n'}
[3.409941] (ros2_pkg) StdoutLine: {'line': b'-- Up-to-date: /home/ubuntu/Workspaces/ros2_ws/install/ros2_pkg/include/ros2_pkg/action/detail/navigate__rosidl_typesupport_fastrtps_cpp.hpp\n'}
[3.411281] (ros2_pkg) StdoutLine: {'line': b'-- Up-to-date: /home/ubuntu/Workspaces/ros2_ws/install/ros2_pkg/lib/libros2_pkg__rosidl_typesupport_fastrtps_cpp.so\n'}
[3.412376] (ros2_pkg) StdoutLine: {'line': b'-- Up-to-date: /home/ubuntu/Workspaces/ros2_ws/install/ros2_pkg/include/ros2_pkg\n'}
[3.413072] (ros2_pkg) StdoutLine: {'line': b'-- Up-to-date: /home/ubuntu/Workspaces/ros2_ws/install/ros2_pkg/include/ros2_pkg/msg\n'}
[3.414143] (ros2_pkg) StdoutLine: {'line': b'-- Up-to-date: /home/ubuntu/Workspaces/ros2_ws/install/ros2_pkg/include/ros2_pkg/msg/rosidl_typesupport_introspection_c__visibility_control.h\n'}
[3.415290] (ros2_pkg) StdoutLine: {'line': b'-- Up-to-date: /home/ubuntu/Workspaces/ros2_ws/install/ros2_pkg/include/ros2_pkg/srv\n'}
[3.416264] (ros2_pkg) StdoutLine: {'line': b'-- Up-to-date: /home/ubuntu/Workspaces/ros2_ws/install/ros2_pkg/include/ros2_pkg/srv/detail\n'}
[3.416923] (ros2_pkg) StdoutLine: {'line': b'-- Up-to-date: /home/ubuntu/Workspaces/ros2_ws/install/ros2_pkg/include/ros2_pkg/srv/detail/turn_camera__type_support.c\n'}
[3.417498] (ros2_pkg) StdoutLine: {'line': b'-- Up-to-date: /home/ubuntu/Workspaces/ros2_ws/install/ros2_pkg/include/ros2_pkg/srv/detail/odd_even_check__type_support.c\n'}
[3.418358] (ros2_pkg) StdoutLine: {'line': b'-- Up-to-date: /home/ubuntu/Workspaces/ros2_ws/install/ros2_pkg/include/ros2_pkg/srv/detail/odd_even_check__rosidl_typesupport_introspection_c.h\n'}
[3.419338] (ros2_pkg) StdoutLine: {'line': b'-- Up-to-date: /home/ubuntu/Workspaces/ros2_ws/install/ros2_pkg/include/ros2_pkg/srv/detail/turn_camera__rosidl_typesupport_introspection_c.h\n'}
[3.420347] (ros2_pkg) StdoutLine: {'line': b'-- Up-to-date: /home/ubuntu/Workspaces/ros2_ws/install/ros2_pkg/include/ros2_pkg/action\n'}
[3.420960] (ros2_pkg) StdoutLine: {'line': b'-- Up-to-date: /home/ubuntu/Workspaces/ros2_ws/install/ros2_pkg/include/ros2_pkg/action/detail\n'}
[3.421667] (ros2_pkg) StdoutLine: {'line': b'-- Up-to-date: /home/ubuntu/Workspaces/ros2_ws/install/ros2_pkg/include/ros2_pkg/action/detail/navigate__type_support.c\n'}
[3.422352] (ros2_pkg) StdoutLine: {'line': b'-- Up-to-date: /home/ubuntu/Workspaces/ros2_ws/install/ros2_pkg/include/ros2_pkg/action/detail/navigate__rosidl_typesupport_introspection_c.h\n'}
[3.423094] (ros2_pkg) StdoutLine: {'line': b'-- Up-to-date: /home/ubuntu/Workspaces/ros2_ws/install/ros2_pkg/lib/libros2_pkg__rosidl_typesupport_introspection_c.so\n'}
[3.423800] (ros2_pkg) StdoutLine: {'line': b'-- Up-to-date: /home/ubuntu/Workspaces/ros2_ws/install/ros2_pkg/lib/libros2_pkg__rosidl_typesupport_c.so\n'}
[3.424494] (ros2_pkg) StdoutLine: {'line': b'-- Up-to-date: /home/ubuntu/Workspaces/ros2_ws/install/ros2_pkg/include/ros2_pkg\n'}
[3.425133] (ros2_pkg) StdoutLine: {'line': b'-- Up-to-date: /home/ubuntu/Workspaces/ros2_ws/install/ros2_pkg/include/ros2_pkg/srv\n'}
[3.425824] (ros2_pkg) StdoutLine: {'line': b'-- Up-to-date: /home/ubuntu/Workspaces/ros2_ws/install/ros2_pkg/include/ros2_pkg/srv/odd_even_check.hpp\n'}
[3.426634] (ros2_pkg) StdoutLine: {'line': b'-- Up-to-date: /home/ubuntu/Workspaces/ros2_ws/install/ros2_pkg/include/ros2_pkg/srv/detail\n'}
[3.427601] (ros2_pkg) StdoutLine: {'line': b'-- Up-to-date: /home/ubuntu/Workspaces/ros2_ws/install/ros2_pkg/include/ros2_pkg/srv/detail/turn_camera__traits.hpp\n'}
[3.429198] (ros2_pkg) StdoutLine: {'line': b'-- Up-to-date: /home/ubuntu/Workspaces/ros2_ws/install/ros2_pkg/include/ros2_pkg/srv/detail/turn_camera__struct.hpp\n'}
[3.429927] (-) TimerEvent: {}
[3.432000] (ros2_pkg) StdoutLine: {'line': b'-- Up-to-date: /home/ubuntu/Workspaces/ros2_ws/install/ros2_pkg/include/ros2_pkg/srv/detail/turn_camera__builder.hpp\n'}
[3.432927] (ros2_pkg) StdoutLine: {'line': b'-- Up-to-date: /home/ubuntu/Workspaces/ros2_ws/install/ros2_pkg/include/ros2_pkg/srv/detail/odd_even_check__struct.hpp\n'}
[3.433650] (ros2_pkg) StdoutLine: {'line': b'-- Up-to-date: /home/ubuntu/Workspaces/ros2_ws/install/ros2_pkg/include/ros2_pkg/srv/detail/odd_even_check__builder.hpp\n'}
[3.434169] (ros2_pkg) StdoutLine: {'line': b'-- Up-to-date: /home/ubuntu/Workspaces/ros2_ws/install/ros2_pkg/include/ros2_pkg/srv/detail/odd_even_check__traits.hpp\n'}
[3.434613] (ros2_pkg) StdoutLine: {'line': b'-- Up-to-date: /home/ubuntu/Workspaces/ros2_ws/install/ros2_pkg/include/ros2_pkg/srv/turn_camera.hpp\n'}
[3.435843] (ros2_pkg) StdoutLine: {'line': b'-- Up-to-date: /home/ubuntu/Workspaces/ros2_ws/install/ros2_pkg/include/ros2_pkg/action\n'}
[3.436927] (ros2_pkg) StdoutLine: {'line': b'-- Up-to-date: /home/ubuntu/Workspaces/ros2_ws/install/ros2_pkg/include/ros2_pkg/action/navigate.hpp\n'}
[3.437905] (ros2_pkg) StdoutLine: {'line': b'-- Up-to-date: /home/ubuntu/Workspaces/ros2_ws/install/ros2_pkg/include/ros2_pkg/action/detail\n'}
[3.438760] (ros2_pkg) StdoutLine: {'line': b'-- Up-to-date: /home/ubuntu/Workspaces/ros2_ws/install/ros2_pkg/include/ros2_pkg/action/detail/navigate__builder.hpp\n'}
[3.439654] (ros2_pkg) StdoutLine: {'line': b'-- Up-to-date: /home/ubuntu/Workspaces/ros2_ws/install/ros2_pkg/include/ros2_pkg/action/detail/navigate__struct.hpp\n'}
[3.440464] (ros2_pkg) StdoutLine: {'line': b'-- Up-to-date: /home/ubuntu/Workspaces/ros2_ws/install/ros2_pkg/include/ros2_pkg/action/detail/navigate__traits.hpp\n'}
[3.440950] (ros2_pkg) StdoutLine: {'line': b'-- Up-to-date: /home/ubuntu/Workspaces/ros2_ws/install/ros2_pkg/include/ros2_pkg\n'}
[3.441342] (ros2_pkg) StdoutLine: {'line': b'-- Up-to-date: /home/ubuntu/Workspaces/ros2_ws/install/ros2_pkg/include/ros2_pkg/srv\n'}
[3.441759] (ros2_pkg) StdoutLine: {'line': b'-- Up-to-date: /home/ubuntu/Workspaces/ros2_ws/install/ros2_pkg/include/ros2_pkg/srv/detail\n'}
[3.442670] (ros2_pkg) StdoutLine: {'line': b'-- Up-to-date: /home/ubuntu/Workspaces/ros2_ws/install/ros2_pkg/include/ros2_pkg/srv/detail/odd_even_check__rosidl_typesupport_introspection_cpp.hpp\n'}
[3.443257] (ros2_pkg) StdoutLine: {'line': b'-- Up-to-date: /home/ubuntu/Workspaces/ros2_ws/install/ros2_pkg/include/ros2_pkg/srv/detail/odd_even_check__type_support.cpp\n'}
[3.443653] (ros2_pkg) StdoutLine: {'line': b'-- Up-to-date: /home/ubuntu/Workspaces/ros2_ws/install/ros2_pkg/include/ros2_pkg/srv/detail/turn_camera__rosidl_typesupport_introspection_cpp.hpp\n'}
[3.445337] (ros2_pkg) StdoutLine: {'line': b'-- Up-to-date: /home/ubuntu/Workspaces/ros2_ws/install/ros2_pkg/include/ros2_pkg/srv/detail/turn_camera__type_support.cpp\n'}
[3.446071] (ros2_pkg) StdoutLine: {'line': b'-- Up-to-date: /home/ubuntu/Workspaces/ros2_ws/install/ros2_pkg/include/ros2_pkg/action\n'}
[3.446718] (ros2_pkg) StdoutLine: {'line': b'-- Up-to-date: /home/ubuntu/Workspaces/ros2_ws/install/ros2_pkg/include/ros2_pkg/action/detail\n'}
[3.448055] (ros2_pkg) StdoutLine: {'line': b'-- Up-to-date: /home/ubuntu/Workspaces/ros2_ws/install/ros2_pkg/include/ros2_pkg/action/detail/navigate__rosidl_typesupport_introspection_cpp.hpp\n'}
[3.448830] (ros2_pkg) StdoutLine: {'line': b'-- Up-to-date: /home/ubuntu/Workspaces/ros2_ws/install/ros2_pkg/include/ros2_pkg/action/detail/navigate__type_support.cpp\n'}
[3.449440] (ros2_pkg) StdoutLine: {'line': b'-- Up-to-date: /home/ubuntu/Workspaces/ros2_ws/install/ros2_pkg/lib/libros2_pkg__rosidl_typesupport_introspection_cpp.so\n'}
[3.449869] (ros2_pkg) StdoutLine: {'line': b'-- Up-to-date: /home/ubuntu/Workspaces/ros2_ws/install/ros2_pkg/lib/libros2_pkg__rosidl_typesupport_cpp.so\n'}
[3.450217] (ros2_pkg) StdoutLine: {'line': b'-- Up-to-date: /home/ubuntu/Workspaces/ros2_ws/install/ros2_pkg/share/ros2_pkg/environment/pythonpath.sh\n'}
[3.450601] (ros2_pkg) StdoutLine: {'line': b'-- Up-to-date: /home/ubuntu/Workspaces/ros2_ws/install/ros2_pkg/share/ros2_pkg/environment/pythonpath.dsv\n'}
[3.451213] (ros2_pkg) StdoutLine: {'line': b'-- Up-to-date: /home/ubuntu/Workspaces/ros2_ws/install/ros2_pkg/lib/python3.8/site-packages/ros2_pkg/__init__.py\n'}
[3.451906] (cv_basics) StderrLine: {'line': b'Traceback (most recent call last):\n  File "/usr/lib/python3/dist-packages/colcon_core/executor/__init__.py", line 91, in __call__\n    rc = await self.task(*args, **kwargs)\n  File "/usr/lib/python3/dist-packages/colcon_core/task/__init__.py", line 93, in __call__\n    return await task_method(*args, **kwargs)\n  File "/usr/lib/python3/dist-packages/colcon_ros/task/ament_python/build.py", line 105, in build\n    return await extension.build(additional_hooks=additional_hooks)\n  File "/usr/lib/python3/dist-packages/colcon_core/task/python/build.py", line 81, in build\n    available_commands = await self._get_available_commands(\n  File "/usr/lib/python3/dist-packages/colcon_core/task/python/build.py", line 171, in _get_available_commands\n    output = await check_output(\n  File "/usr/lib/python3/dist-packages/colcon_core/subprocess.py", line 128, in check_output\n    assert not rc, f\'Expected {args} to pass: {stderr_data}\'\nAssertionError: Expected [\'/usr/bin/python3\', \'setup.py\', \'--help-commands\'] to pass: Traceback (most recent call last):\n  File "setup.py", line 5, in <module>\n    setup(\n  File "/home/ubuntu/.local/lib/python3.8/site-packages/setuptools/__init__.py", line 144, in setup\n    return distutils.core.setup(**attrs)\n  File "/usr/lib/python3.8/distutils/core.py", line 134, in setup\n    ok = dist.parse_command_line()\n  File "/home/ubuntu/.local/lib/python3.8/site-packages/setuptools/dist.py", line 707, in parse_command_line\n    result = _Distribution.parse_command_line(self)\n  File "/usr/lib/python3.8/distutils/dist.py", line 480, in parse_command_line\n    if self.handle_display_options(option_order):\n  File "/home/ubuntu/.local/lib/python3.8/site-packages/setuptools/dist.py", line 1092, in handle_display_options\n    return _Distribution.handle_display_options(self, option_order)\n  File "/usr/lib/python3.8/distutils/dist.py", line 683, in handle_display_options\n    self.print_commands()\n  File "/home/ubuntu/.local/lib/python3.8/site-packages/setuptools/dist.py", line 843, in print_commands\n    cmdclass = ep.resolve()\n  File "/home/ubuntu/.local/lib/python3.8/site-packages/pkg_resources/__init__.py", line 2451, in resolve\n    module = __import__(self.module_name, fromlist=[\'__name__\'], level=0)\n  File "/home/ubuntu/.local/lib/python3.8/site-packages/setuptools_rust/__init__.py", line 1, in <module>\n    from .build import build_rust\n  File "/home/ubuntu/.local/lib/python3.8/site-packages/setuptools_rust/build.py", line 23, in <module>\n    from setuptools.command.build import build as CommandBuild  # type: ignore[import]\nModuleNotFoundError: No module named \'setuptools.command.build\'\n\n'}
[3.453680] (cv_basics) JobEnded: {'identifier': 'cv_basics', 'rc': 1}
[3.530116] (-) TimerEvent: {}
[3.608871] (ros2_pkg) StdoutLine: {'line': b'-- Up-to-date: /home/ubuntu/Workspaces/ros2_ws/install/ros2_pkg/lib/python3.8/site-packages/ros2_pkg/srv\n'}
[3.609611] (ros2_pkg) StdoutLine: {'line': b'-- Up-to-date: /home/ubuntu/Workspaces/ros2_ws/install/ros2_pkg/lib/python3.8/site-packages/ros2_pkg/srv/__init__.py\n'}
[3.610102] (ros2_pkg) StdoutLine: {'line': b'-- Up-to-date: /home/ubuntu/Workspaces/ros2_ws/install/ros2_pkg/lib/python3.8/site-packages/ros2_pkg/srv/_odd_even_check.py\n'}
[3.610559] (ros2_pkg) StdoutLine: {'line': b'-- Up-to-date: /home/ubuntu/Workspaces/ros2_ws/install/ros2_pkg/lib/python3.8/site-packages/ros2_pkg/srv/_odd_even_check_s.c\n'}
[3.611106] (ros2_pkg) StdoutLine: {'line': b'-- Up-to-date: /home/ubuntu/Workspaces/ros2_ws/install/ros2_pkg/lib/python3.8/site-packages/ros2_pkg/srv/_turn_camera.py\n'}
[3.611609] (ros2_pkg) StdoutLine: {'line': b'-- Up-to-date: /home/ubuntu/Workspaces/ros2_ws/install/ros2_pkg/lib/python3.8/site-packages/ros2_pkg/srv/_turn_camera_s.c\n'}
[3.611985] (ros2_pkg) StdoutLine: {'line': b'-- Up-to-date: /home/ubuntu/Workspaces/ros2_ws/install/ros2_pkg/lib/python3.8/site-packages/ros2_pkg/action\n'}
[3.612403] (ros2_pkg) StdoutLine: {'line': b'-- Up-to-date: /home/ubuntu/Workspaces/ros2_ws/install/ros2_pkg/lib/python3.8/site-packages/ros2_pkg/action/__init__.py\n'}
[3.612739] (ros2_pkg) StdoutLine: {'line': b'-- Up-to-date: /home/ubuntu/Workspaces/ros2_ws/install/ros2_pkg/lib/python3.8/site-packages/ros2_pkg/action/_navigate_s.c\n'}
[3.613075] (ros2_pkg) StdoutLine: {'line': b'-- Up-to-date: /home/ubuntu/Workspaces/ros2_ws/install/ros2_pkg/lib/python3.8/site-packages/ros2_pkg/action/_navigate.py\n'}
[3.613514] (ros2_pkg) StdoutLine: {'line': b'-- Up-to-date: /home/ubuntu/Workspaces/ros2_ws/install/ros2_pkg/lib/python3.8/site-packages/ros2_pkg/ros2_pkg_s__rosidl_typesupport_fastrtps_c.cpython-38-aarch64-linux-gnu.so\n'}
[3.616252] (ros2_pkg) StdoutLine: {'line': b'-- Up-to-date: /home/ubuntu/Workspaces/ros2_ws/install/ros2_pkg/lib/python3.8/site-packages/ros2_pkg/ros2_pkg_s__rosidl_typesupport_introspection_c.cpython-38-aarch64-linux-gnu.so\n'}
[3.619037] (ros2_pkg) StdoutLine: {'line': b'-- Up-to-date: /home/ubuntu/Workspaces/ros2_ws/install/ros2_pkg/lib/python3.8/site-packages/ros2_pkg/ros2_pkg_s__rosidl_typesupport_c.cpython-38-aarch64-linux-gnu.so\n'}
[3.621367] (ros2_pkg) StdoutLine: {'line': b'-- Up-to-date: /home/ubuntu/Workspaces/ros2_ws/install/ros2_pkg/lib/libros2_pkg__python.so\n'}
[3.622642] (ros2_pkg) StdoutLine: {'line': b'-- Up-to-date: /home/ubuntu/Workspaces/ros2_ws/install/ros2_pkg/share/ros2_pkg/srv/OddEvenCheck.idl\n'}
[3.623197] (ros2_pkg) StdoutLine: {'line': b'-- Up-to-date: /home/ubuntu/Workspaces/ros2_ws/install/ros2_pkg/share/ros2_pkg/srv/TurnCamera.idl\n'}
[3.623702] (ros2_pkg) StdoutLine: {'line': b'-- Up-to-date: /home/ubuntu/Workspaces/ros2_ws/install/ros2_pkg/share/ros2_pkg/action/Navigate.idl\n'}
[3.624200] (ros2_pkg) StdoutLine: {'line': b'-- Up-to-date: /home/ubuntu/Workspaces/ros2_ws/install/ros2_pkg/share/ros2_pkg/srv/OddEvenCheck.srv\n'}
[3.624643] (ros2_pkg) StdoutLine: {'line': b'-- Up-to-date: /home/ubuntu/Workspaces/ros2_ws/install/ros2_pkg/share/ros2_pkg/srv/OddEvenCheck_Request.msg\n'}
[3.625081] (ros2_pkg) StdoutLine: {'line': b'-- Up-to-date: /home/ubuntu/Workspaces/ros2_ws/install/ros2_pkg/share/ros2_pkg/srv/OddEvenCheck_Response.msg\n'}
[3.625532] (ros2_pkg) StdoutLine: {'line': b'-- Up-to-date: /home/ubuntu/Workspaces/ros2_ws/install/ros2_pkg/share/ros2_pkg/srv/TurnCamera.srv\n'}
[3.626035] (ros2_pkg) StdoutLine: {'line': b'-- Up-to-date: /home/ubuntu/Workspaces/ros2_ws/install/ros2_pkg/share/ros2_pkg/srv/TurnCamera_Request.msg\n'}
[3.626544] (ros2_pkg) StdoutLine: {'line': b'-- Up-to-date: /home/ubuntu/Workspaces/ros2_ws/install/ros2_pkg/share/ros2_pkg/srv/TurnCamera_Response.msg\n'}
[3.627026] (ros2_pkg) StdoutLine: {'line': b'-- Up-to-date: /home/ubuntu/Workspaces/ros2_ws/install/ros2_pkg/share/ros2_pkg/action/Navigate.action\n'}
[3.627527] (ros2_pkg) StdoutLine: {'line': b'-- Up-to-date: /home/ubuntu/Workspaces/ros2_ws/install/ros2_pkg/lib/python3.8/site-packages/scripts\n'}
[3.627967] (ros2_pkg) StdoutLine: {'line': b'-- Up-to-date: /home/ubuntu/Workspaces/ros2_ws/install/ros2_pkg/lib/python3.8/site-packages/scripts/__init__.py\n'}
[3.628408] (ros2_pkg) StdoutLine: {'line': b'-- Up-to-date: /home/ubuntu/Workspaces/ros2_ws/install/ros2_pkg/lib/python3.8/site-packages/scripts/rpm_pub.py\n'}
[3.628887] (ros2_pkg) StdoutLine: {'line': b'-- Up-to-date: /home/ubuntu/Workspaces/ros2_ws/install/ros2_pkg/lib/python3.8/site-packages/scripts/service_server.py\n'}
[3.629395] (ros2_pkg) StdoutLine: {'line': b'-- Up-to-date: /home/ubuntu/Workspaces/ros2_ws/install/ros2_pkg/lib/python3.8/site-packages/scripts/action_client.py\n'}
[3.629833] (ros2_pkg) StdoutLine: {'line': b'-- Up-to-date: /home/ubuntu/Workspaces/ros2_ws/install/ros2_pkg/lib/python3.8/site-packages/scripts/turn_camera_server.py\n'}
[3.630280] (-) TimerEvent: {}
[3.630740] (ros2_pkg) StdoutLine: {'line': b'-- Up-to-date: /home/ubuntu/Workspaces/ros2_ws/install/ros2_pkg/lib/python3.8/site-packages/scripts/publisher.py\n'}
[3.631473] (ros2_pkg) StdoutLine: {'line': b'-- Up-to-date: /home/ubuntu/Workspaces/ros2_ws/install/ros2_pkg/lib/python3.8/site-packages/scripts/turn_camera_client.py\n'}
[3.631963] (ros2_pkg) StdoutLine: {'line': b'-- Up-to-date: /home/ubuntu/Workspaces/ros2_ws/install/ros2_pkg/lib/python3.8/site-packages/scripts/subscriber.py\n'}
[3.632441] (ros2_pkg) StdoutLine: {'line': b'-- Up-to-date: /home/ubuntu/Workspaces/ros2_ws/install/ros2_pkg/lib/python3.8/site-packages/scripts/service_client.py\n'}
[3.632952] (ros2_pkg) StdoutLine: {'line': b'-- Up-to-date: /home/ubuntu/Workspaces/ros2_ws/install/ros2_pkg/lib/python3.8/site-packages/scripts/speed_calc.py\n'}
[3.633494] (ros2_pkg) StdoutLine: {'line': b'-- Up-to-date: /home/ubuntu/Workspaces/ros2_ws/install/ros2_pkg/lib/python3.8/site-packages/scripts/action_server.py\n'}
[3.730442] (-) TimerEvent: {}
[3.789512] (ros2_pkg) StdoutLine: {'line': b"Listing '/home/ubuntu/Workspaces/ros2_ws/install/ros2_pkg/lib/python3.8/site-packages/scripts'...\n"}
[3.811273] (ros2_pkg) StdoutLine: {'line': b'-- Up-to-date: /home/ubuntu/Workspaces/ros2_ws/install/ros2_pkg/lib/ros2_pkg/publisher.py\n'}
[3.812023] (ros2_pkg) StdoutLine: {'line': b'-- Up-to-date: /home/ubuntu/Workspaces/ros2_ws/install/ros2_pkg/lib/ros2_pkg/subscriber.py\n'}
[3.812596] (ros2_pkg) StdoutLine: {'line': b'-- Up-to-date: /home/ubuntu/Workspaces/ros2_ws/install/ros2_pkg/lib/ros2_pkg/rpm_pub.py\n'}
[3.813072] (ros2_pkg) StdoutLine: {'line': b'-- Up-to-date: /home/ubuntu/Workspaces/ros2_ws/install/ros2_pkg/lib/ros2_pkg/speed_calc.py\n'}
[3.813578] (ros2_pkg) StdoutLine: {'line': b'-- Up-to-date: /home/ubuntu/Workspaces/ros2_ws/install/ros2_pkg/lib/ros2_pkg/service_server.py\n'}
[3.814032] (ros2_pkg) StdoutLine: {'line': b'-- Up-to-date: /home/ubuntu/Workspaces/ros2_ws/install/ros2_pkg/lib/ros2_pkg/service_client.py\n'}
[3.814478] (ros2_pkg) StdoutLine: {'line': b'-- Up-to-date: /home/ubuntu/Workspaces/ros2_ws/install/ros2_pkg/lib/ros2_pkg/turn_camera_server.py\n'}
[3.815231] (ros2_pkg) StdoutLine: {'line': b'-- Up-to-date: /home/ubuntu/Workspaces/ros2_ws/install/ros2_pkg/lib/ros2_pkg/turn_camera_client.py\n'}
[3.815771] (ros2_pkg) StdoutLine: {'line': b'-- Up-to-date: /home/ubuntu/Workspaces/ros2_ws/install/ros2_pkg/lib/ros2_pkg/action_server.py\n'}
[3.816237] (ros2_pkg) StdoutLine: {'line': b'-- Up-to-date: /home/ubuntu/Workspaces/ros2_ws/install/ros2_pkg/lib/ros2_pkg/action_client.py\n'}
[3.816638] (ros2_pkg) StdoutLine: {'line': b'-- Up-to-date: /home/ubuntu/Workspaces/ros2_ws/install/ros2_pkg/share/ros2_pkg//launch\n'}
[3.817177] (ros2_pkg) StdoutLine: {'line': b'-- Up-to-date: /home/ubuntu/Workspaces/ros2_ws/install/ros2_pkg/share/ros2_pkg//launch/my_action.launch.py\n'}
[3.817974] (ros2_pkg) StdoutLine: {'line': b'-- Up-to-date: /home/ubuntu/Workspaces/ros2_ws/install/ros2_pkg/share/ros2_pkg//launch/node.launch.py\n'}
[3.818618] (ros2_pkg) StdoutLine: {'line': b'-- Up-to-date: /home/ubuntu/Workspaces/ros2_ws/install/ros2_pkg/share/ament_index/resource_index/package_run_dependencies/ros2_pkg\n'}
[3.819178] (ros2_pkg) StdoutLine: {'line': b'-- Up-to-date: /home/ubuntu/Workspaces/ros2_ws/install/ros2_pkg/share/ament_index/resource_index/parent_prefix_path/ros2_pkg\n'}
[3.819756] (ros2_pkg) StdoutLine: {'line': b'-- Up-to-date: /home/ubuntu/Workspaces/ros2_ws/install/ros2_pkg/share/ros2_pkg/environment/ament_prefix_path.sh\n'}
[3.820234] (ros2_pkg) StdoutLine: {'line': b'-- Up-to-date: /home/ubuntu/Workspaces/ros2_ws/install/ros2_pkg/share/ros2_pkg/environment/ament_prefix_path.dsv\n'}
[3.820730] (ros2_pkg) StdoutLine: {'line': b'-- Up-to-date: /home/ubuntu/Workspaces/ros2_ws/install/ros2_pkg/share/ros2_pkg/environment/path.sh\n'}
[3.821113] (ros2_pkg) StdoutLine: {'line': b'-- Up-to-date: /home/ubuntu/Workspaces/ros2_ws/install/ros2_pkg/share/ros2_pkg/environment/path.dsv\n'}
[3.821470] (ros2_pkg) StdoutLine: {'line': b'-- Up-to-date: /home/ubuntu/Workspaces/ros2_ws/install/ros2_pkg/share/ros2_pkg/local_setup.bash\n'}
[3.821919] (ros2_pkg) StdoutLine: {'line': b'-- Up-to-date: /home/ubuntu/Workspaces/ros2_ws/install/ros2_pkg/share/ros2_pkg/local_setup.sh\n'}
[3.822344] (ros2_pkg) StdoutLine: {'line': b'-- Up-to-date: /home/ubuntu/Workspaces/ros2_ws/install/ros2_pkg/share/ros2_pkg/local_setup.zsh\n'}
[3.822731] (ros2_pkg) StdoutLine: {'line': b'-- Up-to-date: /home/ubuntu/Workspaces/ros2_ws/install/ros2_pkg/share/ros2_pkg/local_setup.dsv\n'}
[3.823259] (ros2_pkg) StdoutLine: {'line': b'-- Installing: /home/ubuntu/Workspaces/ros2_ws/install/ros2_pkg/share/ros2_pkg/package.dsv\n'}
[3.823732] (ros2_pkg) StdoutLine: {'line': b'-- Up-to-date: /home/ubuntu/Workspaces/ros2_ws/install/ros2_pkg/share/ament_index/resource_index/packages/ros2_pkg\n'}
[3.824100] (ros2_pkg) StdoutLine: {'line': b'-- Up-to-date: /home/ubuntu/Workspaces/ros2_ws/install/ros2_pkg/share/ros2_pkg/cmake/ros2_pkg__rosidl_generator_cExport.cmake\n'}
[3.824597] (ros2_pkg) StdoutLine: {'line': b'-- Up-to-date: /home/ubuntu/Workspaces/ros2_ws/install/ros2_pkg/share/ros2_pkg/cmake/ros2_pkg__rosidl_generator_cExport-noconfig.cmake\n'}
[3.825036] (ros2_pkg) StdoutLine: {'line': b'-- Up-to-date: /home/ubuntu/Workspaces/ros2_ws/install/ros2_pkg/share/ros2_pkg/cmake/ros2_pkg__rosidl_typesupport_introspection_cExport.cmake\n'}
[3.825423] (ros2_pkg) StdoutLine: {'line': b'-- Up-to-date: /home/ubuntu/Workspaces/ros2_ws/install/ros2_pkg/share/ros2_pkg/cmake/ros2_pkg__rosidl_typesupport_introspection_cExport-noconfig.cmake\n'}
[3.825904] (ros2_pkg) StdoutLine: {'line': b'-- Up-to-date: /home/ubuntu/Workspaces/ros2_ws/install/ros2_pkg/share/ros2_pkg/cmake/ros2_pkg__rosidl_typesupport_cExport.cmake\n'}
[3.826399] (ros2_pkg) StdoutLine: {'line': b'-- Up-to-date: /home/ubuntu/Workspaces/ros2_ws/install/ros2_pkg/share/ros2_pkg/cmake/ros2_pkg__rosidl_typesupport_cExport-noconfig.cmake\n'}
[3.827421] (ros2_pkg) StdoutLine: {'line': b'-- Up-to-date: /home/ubuntu/Workspaces/ros2_ws/install/ros2_pkg/share/ros2_pkg/cmake/ros2_pkg__rosidl_generator_cppExport.cmake\n'}
[3.828381] (ros2_pkg) StdoutLine: {'line': b'-- Up-to-date: /home/ubuntu/Workspaces/ros2_ws/install/ros2_pkg/share/ros2_pkg/cmake/ros2_pkg__rosidl_typesupport_introspection_cppExport.cmake\n'}
[3.828924] (ros2_pkg) StdoutLine: {'line': b'-- Up-to-date: /home/ubuntu/Workspaces/ros2_ws/install/ros2_pkg/share/ros2_pkg/cmake/ros2_pkg__rosidl_typesupport_introspection_cppExport-noconfig.cmake\n'}
[3.829894] (ros2_pkg) StdoutLine: {'line': b'-- Up-to-date: /home/ubuntu/Workspaces/ros2_ws/install/ros2_pkg/share/ros2_pkg/cmake/ros2_pkg__rosidl_typesupport_cppExport.cmake\n'}
[3.830423] (ros2_pkg) StdoutLine: {'line': b'-- Up-to-date: /home/ubuntu/Workspaces/ros2_ws/install/ros2_pkg/share/ros2_pkg/cmake/ros2_pkg__rosidl_typesupport_cppExport-noconfig.cmake\n'}
[3.830884] (-) TimerEvent: {}
[3.831415] (ros2_pkg) StdoutLine: {'line': b'-- Up-to-date: /home/ubuntu/Workspaces/ros2_ws/install/ros2_pkg/share/ros2_pkg/cmake/rosidl_cmake-extras.cmake\n'}
[3.832156] (ros2_pkg) StdoutLine: {'line': b'-- Up-to-date: /home/ubuntu/Workspaces/ros2_ws/install/ros2_pkg/share/ros2_pkg/cmake/ament_cmake_export_dependencies-extras.cmake\n'}
[3.832998] (ros2_pkg) StdoutLine: {'line': b'-- Up-to-date: /home/ubuntu/Workspaces/ros2_ws/install/ros2_pkg/share/ros2_pkg/cmake/ament_cmake_export_libraries-extras.cmake\n'}
[3.833551] (ros2_pkg) StdoutLine: {'line': b'-- Up-to-date: /home/ubuntu/Workspaces/ros2_ws/install/ros2_pkg/share/ros2_pkg/cmake/ament_cmake_export_targets-extras.cmake\n'}
[3.834339] (ros2_pkg) StdoutLine: {'line': b'-- Up-to-date: /home/ubuntu/Workspaces/ros2_ws/install/ros2_pkg/share/ros2_pkg/cmake/ament_cmake_export_include_directories-extras.cmake\n'}
[3.835089] (ros2_pkg) StdoutLine: {'line': b'-- Up-to-date: /home/ubuntu/Workspaces/ros2_ws/install/ros2_pkg/share/ros2_pkg/cmake/rosidl_cmake_export_typesupport_libraries-extras.cmake\n'}
[3.835663] (ros2_pkg) StdoutLine: {'line': b'-- Up-to-date: /home/ubuntu/Workspaces/ros2_ws/install/ros2_pkg/share/ros2_pkg/cmake/rosidl_cmake_export_typesupport_targets-extras.cmake\n'}
[3.836078] (ros2_pkg) StdoutLine: {'line': b'-- Up-to-date: /home/ubuntu/Workspaces/ros2_ws/install/ros2_pkg/share/ros2_pkg/cmake/ros2_pkgConfig.cmake\n'}
[3.836528] (ros2_pkg) StdoutLine: {'line': b'-- Up-to-date: /home/ubuntu/Workspaces/ros2_ws/install/ros2_pkg/share/ros2_pkg/cmake/ros2_pkgConfig-version.cmake\n'}
[3.837024] (ros2_pkg) StdoutLine: {'line': b'-- Up-to-date: /home/ubuntu/Workspaces/ros2_ws/install/ros2_pkg/share/ros2_pkg/package.xml\n'}
[3.842006] (ros2_pkg) JobEnded: {'identifier': 'ros2_pkg', 'rc': 'SIGINT'}
[3.853639] (-) EventReactorShutdown: {}
