[0.079s] Invoking command in '/home/ubuntu/Workspaces/ros2_ws/build/ros2_pkg': CMAKE_PREFIX_PATH=${CMAKE_PREFIX_PATH}:/home/ubuntu/turtlebot3_ws/install/turtlebot3_teleop:/home/ubuntu/turtlebot3_ws/install/turtlebot3_example:/opt/ros/foxy /usr/bin/cmake --build /home/ubuntu/Workspaces/ros2_ws/build/ros2_pkg -- -j4 -l4
[0.205s] -- Found ament_cmake: 0.9.11 (/opt/ros/foxy/share/ament_cmake/cmake)
[0.345s] -- Found PythonInterp: /usr/bin/python3 (found suitable version "3.8.10", minimum required is "3") 
[0.346s] -- Using PYTHON_EXECUTABLE: /usr/bin/python3
[1.260s] -- Found rclpy: 1.0.12 (/opt/ros/foxy/share/rclpy/cmake)
[1.261s] -- Found rosidl_default_generators: 1.0.1 (/opt/ros/foxy/share/rosidl_default_generators/cmake)
[1.274s] -- Using all available rosidl_typesupport_c: rosidl_typesupport_fastrtps_c;rosidl_typesupport_introspection_c
[1.289s] -- Found rosidl_adapter: 1.3.0 (/opt/ros/foxy/share/rosidl_adapter/cmake)
[2.414s] -- Using all available rosidl_typesupport_cpp: rosidl_typesupport_fastrtps_cpp;rosidl_typesupport_introspection_cpp
[2.514s] -- Found sensor_msgs: 2.0.5 (/opt/ros/foxy/share/sensor_msgs/cmake)
[3.283s] -- Found PythonInterp: /usr/bin/python3 (found version "3.8.10") 
[4.275s] CMake Error at /opt/ros/foxy/share/rosidl_adapter/cmake/rosidl_adapt_interfaces.cmake:60 (message):
[4.276s]   execute_process(/usr/bin/python3 -m rosidl_adapter --package-name ros2_pkg
[4.276s]   --arguments-file
[4.277s]   /home/ubuntu/Workspaces/ros2_ws/build/ros2_pkg/rosidl_adapter__arguments__ros2_pkg.json
[4.277s]   --output-dir
[4.277s]   /home/ubuntu/Workspaces/ros2_ws/build/ros2_pkg/rosidl_adapter/ros2_pkg
[4.278s]   --output-file
[4.278s]   /home/ubuntu/Workspaces/ros2_ws/build/ros2_pkg/rosidl_adapter/ros2_pkg.idls)
[4.278s]   returned error code 1:
[4.279s] 
[4.279s]   Error processing 'float32 elpased-time' of 'ros2_pkg/Navigate_Result':
[4.279s]   ''elpased-time' is an invalid field name.  It should have the pattern
[4.280s]   '^(?!.*__)(?!.*_$)[a-z][a-z0-9_]*$''
[4.280s] 
[4.280s]   Traceback (most recent call last):
[4.281s] 
[4.281s]     File "/usr/lib/python3.8/runpy.py", line 194, in _run_module_as_main
[4.281s]       return _run_code(code, main_globals, None,
[4.282s]     File "/usr/lib/python3.8/runpy.py", line 87, in _run_code
[4.282s]       exec(code, run_globals)
[4.282s]     File "/opt/ros/foxy/lib/python3.8/site-packages/rosidl_adapter/__main__.py", line 19, in <module>
[4.283s]       sys.exit(main())
[4.283s]     File "/opt/ros/foxy/lib/python3.8/site-packages/rosidl_adapter/main.py", line 53, in main
[4.283s]       abs_idl_file = convert_to_idl(
[4.284s]     File "/opt/ros/foxy/lib/python3.8/site-packages/rosidl_adapter/__init__.py", line 29, in convert_to_idl
[4.284s]       return convert_action_to_idl(
[4.284s]     File "/opt/ros/foxy/lib/python3.8/site-packages/rosidl_adapter/action/__init__.py", line 28, in convert_action_to_idl
[4.285s]       action = parse_action_string(package_name, input_file.stem, content)
[4.285s]     File "/opt/ros/foxy/lib/python3.8/site-packages/rosidl_adapter/parser.py", line 894, in parse_action_string
[4.285s]       result_message = parse_message_string(
[4.286s]     File "/opt/ros/foxy/lib/python3.8/site-packages/rosidl_adapter/parser.py", line 515, in parse_message_string
[4.286s]       fields.append(Field(
[4.286s]     File "/opt/ros/foxy/lib/python3.8/site-packages/rosidl_adapter/parser.py", line 353, in __init__
[4.287s]       raise NameError(
[4.287s] 
[4.287s]   NameError: 'elpased-time' is an invalid field name.  It should have the
[4.288s]   pattern '^(?!.*__)(?!.*_$)[a-z][a-z0-9_]*$'
[4.288s] 
[4.289s] Call Stack (most recent call first):
[4.289s]   /opt/ros/foxy/share/rosidl_cmake/cmake/rosidl_generate_interfaces.cmake:130 (rosidl_adapt_interfaces)
[4.290s]   CMakeLists.txt:26 (rosidl_generate_interfaces)
[4.290s] 
[4.291s] 
[4.291s] -- Configuring incomplete, errors occurred!
[4.292s] See also "/home/ubuntu/Workspaces/ros2_ws/build/ros2_pkg/CMakeFiles/CMakeOutput.log".
[4.311s] make: *** [Makefile:988: cmake_check_build_system] Error 1
[4.317s] Invoked command in '/home/ubuntu/Workspaces/ros2_ws/build/ros2_pkg' returned '2': CMAKE_PREFIX_PATH=${CMAKE_PREFIX_PATH}:/home/ubuntu/turtlebot3_ws/install/turtlebot3_teleop:/home/ubuntu/turtlebot3_ws/install/turtlebot3_example:/opt/ros/foxy /usr/bin/cmake --build /home/ubuntu/Workspaces/ros2_ws/build/ros2_pkg -- -j4 -l4
